# JRE version: Java(TM) SE Runtime Environment (8.0_45-b15) (build 1.8.0_45-b15)
# Java VM: Java HotSpot(TM) 64-Bit Server VM (25.45-b02 mixed mode windows-amd64 compressed oops)
Heap:
 PSYoungGen      total 455680K, used 328935K [0x00000000e0000000, 0x00000000ff880000, 0x0000000100000000)
  eden space 397824K, 82% used [0x00000000e0000000,0x00000000f4139f70,0x00000000f8480000)
  from space 57856K, 0% used [0x00000000fc000000,0x00000000fc000000,0x00000000ff880000)
  to   space 59392K, 0% used [0x00000000f8480000,0x00000000f8480000,0x00000000fbe80000)
 ParOldGen       total 200192K, used 43566K [0x00000000a0000000, 0x00000000ac380000, 0x00000000e0000000)
  object space 200192K, 21% used [0x00000000a0000000,0x00000000a2a8b9e0,0x00000000ac380000)
 Metaspace       used 86135K, capacity 90728K, committed 91392K, reserved 1128448K
  class space    used 10947K, capacity 11547K, committed 12032K, reserved 1048576K
GC Heap History (10 events):
Event: 5178.534 GC heap before
{Heap before GC invocations=60 (full 11):
 PSYoungGen      total 452096K, used 1597K [0x00000000e0000000, 0x0000000100000000, 0x0000000100000000)
  eden space 389120K, 0% used [0x00000000e0000000,0x00000000e0000000,0x00000000f7c00000)
  from space 62976K, 2% used [0x00000000f7c00000,0x00000000f7d8f550,0x00000000fb980000)
  to   space 61440K, 0% used [0x00000000fc400000,0x00000000fc400000,0x0000000100000000)
 ParOldGen       total 200192K, used 43362K [0x00000000a0000000, 0x00000000ac380000, 0x00000000e0000000)
  object space 200192K, 21% used [0x00000000a0000000,0x00000000a2a58a30,0x00000000ac380000)
 Metaspace       used 85695K, capacity 89474K, committed 91136K, reserved 1128448K
  class space    used 10910K, capacity 11444K, committed 12032K, reserved 1048576K
Event: 5178.864 GC heap after
Heap after GC invocations=60 (full 11):
 PSYoungGen      total 452096K, used 0K [0x00000000e0000000, 0x0000000100000000, 0x0000000100000000)
  eden space 389120K, 0% used [0x00000000e0000000,0x00000000e0000000,0x00000000f7c00000)
  from space 62976K, 0% used [0x00000000f7c00000,0x00000000f7c00000,0x00000000fb980000)
  to   space 61440K, 0% used [0x00000000fc400000,0x00000000fc400000,0x0000000100000000)
 ParOldGen       total 200192K, used 43862K [0x00000000a0000000, 0x00000000ac380000, 0x00000000e0000000)
  object space 200192K, 21% used [0x00000000a0000000,0x00000000a2ad5ba8,0x00000000ac380000)
 Metaspace       used 85414K, capacity 89162K, committed 91136K, reserved 1128448K
  class space    used 10832K, capacity 11340K, committed 12032K, reserved 1048576K
}
Event: 5846.224 GC heap before
{Heap before GC invocations=61 (full 11):
 PSYoungGen      total 452096K, used 389120K [0x00000000e0000000, 0x0000000100000000, 0x0000000100000000)
  eden space 389120K, 100% used [0x00000000e0000000,0x00000000f7c00000,0x00000000f7c00000)
  from space 62976K, 0% used [0x00000000f7c00000,0x00000000f7c00000,0x00000000fb980000)
  to   space 61440K, 0% used [0x00000000fc400000,0x00000000fc400000,0x0000000100000000)
 ParOldGen       total 200192K, used 43862K [0x00000000a0000000, 0x00000000ac380000, 0x00000000e0000000)
  object space 200192K, 21% used [0x00000000a0000000,0x00000000a2ad5ba8,0x00000000ac380000)
 Metaspace       used 85574K, capacity 89336K, committed 91136K, reserved 1128448K
  class space    used 10847K, capacity 11356K, committed 12032K, reserved 1048576K
Event: 5846.269 GC heap after
Heap after GC invocations=61 (full 11):
 PSYoungGen      total 455680K, used 38159K [0x00000000e0000000, 0x0000000100000000, 0x0000000100000000)
  eden space 394240K, 0% used [0x00000000e0000000,0x00000000e0000000,0x00000000f8100000)
  from space 61440K, 62% used [0x00000000fc400000,0x00000000fe943ec0,0x0000000100000000)
  to   space 65024K, 0% used [0x00000000f8100000,0x00000000f8100000,0x00000000fc080000)
 ParOldGen       total 200192K, used 43870K [0x00000000a0000000, 0x00000000ac380000, 0x00000000e0000000)
  object space 200192K, 21% used [0x00000000a0000000,0x00000000a2ad7ba8,0x00000000ac380000)
 Metaspace       used 85574K, capacity 89336K, committed 91136K, reserved 1128448K
  class space    used 10847K, capacity 11356K, committed 12032K, reserved 1048576K
}
Event: 5847.269 GC heap before
{Heap before GC invocations=62 (full 11):
 PSYoungGen      total 455680K, used 431666K [0x00000000e0000000, 0x0000000100000000, 0x0000000100000000)
  eden space 394240K, 99% used [0x00000000e0000000,0x00000000f8048ca8,0x00000000f8100000)
  from space 61440K, 62% used [0x00000000fc400000,0x00000000fe943ec0,0x0000000100000000)
  to   space 65024K, 0% used [0x00000000f8100000,0x00000000f8100000,0x00000000fc080000)
 ParOldGen       total 200192K, used 43870K [0x00000000a0000000, 0x00000000ac380000, 0x00000000e0000000)
  object space 200192K, 21% used [0x00000000a0000000,0x00000000a2ad7ba8,0x00000000ac380000)
 Metaspace       used 85585K, capacity 89404K, committed 91136K, reserved 1128448K
  class space    used 10847K, capacity 11356K, committed 12032K, reserved 1048576K
Event: 5847.280 GC heap after
Heap after GC invocations=62 (full 11):
 PSYoungGen      total 409600K, used 15278K [0x00000000e0000000, 0x00000000ffb80000, 0x0000000100000000)
  eden space 394240K, 0% used [0x00000000e0000000,0x00000000e0000000,0x00000000f8100000)
  from space 15360K, 99% used [0x00000000f8100000,0x00000000f8feb868,0x00000000f9000000)
  to   space 60928K, 0% used [0x00000000fc000000,0x00000000fc000000,0x00000000ffb80000)
 ParOldGen       total 200192K, used 43870K [0x00000000a0000000, 0x00000000ac380000, 0x00000000e0000000)
  object space 200192K, 21% used [0x00000000a0000000,0x00000000a2ad7ba8,0x00000000ac380000)
 Metaspace       used 85585K, capacity 89404K, committed 91136K, reserved 1128448K
  class space    used 10847K, capacity 11356K, committed 12032K, reserved 1048576K
}
Event: 5847.499 GC heap before
{Heap before GC invocations=63 (full 11):
 PSYoungGen      total 409600K, used 278501K [0x00000000e0000000, 0x00000000ffb80000, 0x0000000100000000)
  eden space 394240K, 66% used [0x00000000e0000000,0x00000000f010dc78,0x00000000f8100000)
  from space 15360K, 99% used [0x00000000f8100000,0x00000000f8feb868,0x00000000f9000000)
  to   space 60928K, 0% used [0x00000000fc000000,0x00000000fc000000,0x00000000ffb80000)
 ParOldGen       total 200192K, used 43870K [0x00000000a0000000, 0x00000000ac380000, 0x00000000e0000000)
  object space 200192K, 21% used [0x00000000a0000000,0x00000000a2ad7ba8,0x00000000ac380000)
 Metaspace       used 85587K, capacity 89404K, committed 91136K, reserved 1128448K
  class space    used 10847K, capacity 11356K, committed 12032K, reserved 1048576K
Event: 5847.503 GC heap after
Heap after GC invocations=63 (full 11):
 PSYoungGen      total 455680K, used 864K [0x00000000e0000000, 0x00000000ff880000, 0x0000000100000000)
  eden space 397824K, 0% used [0x00000000e0000000,0x00000000e0000000,0x00000000f8480000)
  from space 57856K, 1% used [0x00000000fc000000,0x00000000fc0d8020,0x00000000ff880000)
  to   space 59392K, 0% used [0x00000000f8480000,0x00000000f8480000,0x00000000fbe80000)
 ParOldGen       total 200192K, used 43878K [0x00000000a0000000, 0x00000000ac380000, 0x00000000e0000000)
  object space 200192K, 21% used [0x00000000a0000000,0x00000000a2ad9ba8,0x00000000ac380000)
 Metaspace       used 85587K, capacity 89404K, committed 91136K, reserved 1128448K
  class space    used 10847K, capacity 11356K, committed 12032K, reserved 1048576K
}
Event: 5847.503 GC heap before
{Heap before GC invocations=64 (full 12):
 PSYoungGen      total 455680K, used 864K [0x00000000e0000000, 0x00000000ff880000, 0x0000000100000000)
  eden space 397824K, 0% used [0x00000000e0000000,0x00000000e0000000,0x00000000f8480000)
  from space 57856K, 1% used [0x00000000fc000000,0x00000000fc0d8020,0x00000000ff880000)
  to   space 59392K, 0% used [0x00000000f8480000,0x00000000f8480000,0x00000000fbe80000)
 ParOldGen       total 200192K, used 43878K [0x00000000a0000000, 0x00000000ac380000, 0x00000000e0000000)
  object space 200192K, 21% used [0x00000000a0000000,0x00000000a2ad9ba8,0x00000000ac380000)
 Metaspace       used 85587K, capacity 89404K, committed 91136K, reserved 1128448K
  class space    used 10847K, capacity 11356K, committed 12032K, reserved 1048576K
Event: 5847.778 GC heap after
Heap after GC invocations=64 (full 12):
 PSYoungGen      total 455680K, used 0K [0x00000000e0000000, 0x00000000ff880000, 0x0000000100000000)
  eden space 397824K, 0% used [0x00000000e0000000,0x00000000e0000000,0x00000000f8480000)
  from space 57856K, 0% used [0x00000000fc000000,0x00000000fc000000,0x00000000ff880000)
  to   space 59392K, 0% used [0x00000000f8480000,0x00000000f8480000,0x00000000fbe80000)
 ParOldGen       total 200192K, used 43566K [0x00000000a0000000, 0x00000000ac380000, 0x00000000e0000000)
  object space 200192K, 21% used [0x00000000a0000000,0x00000000a2a8b9e0,0x00000000ac380000)
 Metaspace       used 85580K, capacity 89394K, committed 91136K, reserved 1128448K
  class space    used 10847K, capacity 11354K, committed 12032K, reserved 1048576K
}

